{"/Users/daledesilva/Dropbox/Projects/Obsidian Plugins/Ink/Development/obsidian_ink/src/utils/getDateFilename.ts": {"path":"/Users/daledesilva/Dropbox/Projects/Obsidian Plugins/Ink/Development/obsidian_ink/src/utils/getDateFilename.ts","all":false,"statementMap":{"0":{"start":{"line":1,"column":0},"end":{"line":1,"column":0}},"1":{"start":{"line":2,"column":0},"end":{"line":2,"column":35}},"2":{"start":{"line":3,"column":0},"end":{"line":3,"column":28}},"3":{"start":{"line":4,"column":0},"end":{"line":4,"column":50}},"4":{"start":{"line":5,"column":0},"end":{"line":5,"column":44}},"5":{"start":{"line":6,"column":0},"end":{"line":6,"column":32}},"6":{"start":{"line":7,"column":0},"end":{"line":7,"column":50}},"7":{"start":{"line":8,"column":0},"end":{"line":8,"column":42}},"8":{"start":{"line":9,"column":0},"end":{"line":9,"column":0}},"9":{"start":{"line":10,"column":0},"end":{"line":10,"column":61}},"10":{"start":{"line":11,"column":0},"end":{"line":11,"column":115}},"11":{"start":{"line":12,"column":0},"end":{"line":12,"column":20}},"12":{"start":{"line":13,"column":0},"end":{"line":13,"column":1}}},"s":{"0":1,"1":1,"2":3,"3":3,"4":3,"5":3,"6":3,"7":3,"8":3,"9":3,"10":3,"11":3,"12":3},"branchMap":{"0":{"type":"branch","line":2,"loc":{"start":{"line":2,"column":7},"end":{"line":13,"column":1}},"locations":[{"start":{"line":2,"column":7},"end":{"line":13,"column":1}}]},"1":{"type":"branch","line":8,"loc":{"start":{"line":8,"column":27},"end":{"line":8,"column":34}},"locations":[{"start":{"line":8,"column":27},"end":{"line":8,"column":34}}]},"2":{"type":"branch","line":8,"loc":{"start":{"line":8,"column":34},"end":{"line":8,"column":41}},"locations":[{"start":{"line":8,"column":34},"end":{"line":8,"column":41}}]},"3":{"type":"branch","line":10,"loc":{"start":{"line":10,"column":31},"end":{"line":10,"column":61}},"locations":[{"start":{"line":10,"column":31},"end":{"line":10,"column":61}}]}},"b":{"0":[3],"1":[1],"2":[2],"3":[2]},"fnMap":{"0":{"name":"getDateFilename","decl":{"start":{"line":2,"column":7},"end":{"line":13,"column":1}},"loc":{"start":{"line":2,"column":7},"end":{"line":13,"column":1}},"line":2}},"f":{"0":3}}
,"/Users/daledesilva/Dropbox/Projects/Obsidian Plugins/Ink/Development/obsidian_ink/src/utils/parseFilepath.ts": {"path":"/Users/daledesilva/Dropbox/Projects/Obsidian Plugins/Ink/Development/obsidian_ink/src/utils/parseFilepath.ts","all":false,"statementMap":{"0":{"start":{"line":1,"column":0},"end":{"line":1,"column":0}},"1":{"start":{"line":2,"column":0},"end":{"line":2,"column":0}},"2":{"start":{"line":3,"column":0},"end":{"line":3,"column":105}},"3":{"start":{"line":4,"column":0},"end":{"line":4,"column":41}},"4":{"start":{"line":5,"column":0},"end":{"line":5,"column":0}},"5":{"start":{"line":6,"column":0},"end":{"line":6,"column":32}},"6":{"start":{"line":7,"column":0},"end":{"line":7,"column":51}},"7":{"start":{"line":8,"column":0},"end":{"line":8,"column":0}},"8":{"start":{"line":9,"column":0},"end":{"line":9,"column":37}},"9":{"start":{"line":10,"column":0},"end":{"line":10,"column":42}},"10":{"start":{"line":11,"column":0},"end":{"line":11,"column":47}},"11":{"start":{"line":12,"column":0},"end":{"line":12,"column":62}},"12":{"start":{"line":13,"column":0},"end":{"line":13,"column":76}},"13":{"start":{"line":14,"column":0},"end":{"line":14,"column":0}},"14":{"start":{"line":15,"column":0},"end":{"line":15,"column":36}},"15":{"start":{"line":16,"column":0},"end":{"line":16,"column":0}},"16":{"start":{"line":17,"column":0},"end":{"line":17,"column":83}},"17":{"start":{"line":18,"column":0},"end":{"line":18,"column":1}}},"s":{"0":1,"1":1,"2":1,"3":7,"4":7,"5":7,"6":7,"7":7,"8":7,"9":7,"10":7,"11":7,"12":7,"13":7,"14":7,"15":7,"16":7,"17":7},"branchMap":{"0":{"type":"branch","line":3,"loc":{"start":{"line":3,"column":7},"end":{"line":18,"column":1}},"locations":[{"start":{"line":3,"column":7},"end":{"line":18,"column":1}}]},"1":{"type":"branch","line":7,"loc":{"start":{"line":7,"column":39},"end":{"line":7,"column":45}},"locations":[{"start":{"line":7,"column":39},"end":{"line":7,"column":45}}]},"2":{"type":"branch","line":7,"loc":{"start":{"line":7,"column":45},"end":{"line":7,"column":50}},"locations":[{"start":{"line":7,"column":45},"end":{"line":7,"column":50}}]},"3":{"type":"branch","line":10,"loc":{"start":{"line":10,"column":35},"end":{"line":10,"column":41}},"locations":[{"start":{"line":10,"column":35},"end":{"line":10,"column":41}}]},"4":{"type":"branch","line":12,"loc":{"start":{"line":12,"column":56},"end":{"line":12,"column":61}},"locations":[{"start":{"line":12,"column":56},"end":{"line":12,"column":61}}]},"5":{"type":"branch","line":13,"loc":{"start":{"line":13,"column":64},"end":{"line":13,"column":75}},"locations":[{"start":{"line":13,"column":64},"end":{"line":13,"column":75}}]},"6":{"type":"branch","line":17,"loc":{"start":{"line":17,"column":74},"end":{"line":17,"column":81}},"locations":[{"start":{"line":17,"column":74},"end":{"line":17,"column":81}}]}},"b":{"0":[7],"1":[1],"2":[6],"3":[0],"4":[0],"5":[0],"6":[0]},"fnMap":{"0":{"name":"parseFilepath","decl":{"start":{"line":3,"column":7},"end":{"line":18,"column":1}},"loc":{"start":{"line":3,"column":7},"end":{"line":18,"column":1}},"line":3}},"f":{"0":7}}
}
