TN:
SF:src/constants.ts
FNF:0
FNH:0
DA:1,1
DA:2,1
DA:3,1
DA:4,1
DA:5,1
DA:6,1
DA:7,1
DA:8,1
DA:9,1
DA:10,1
DA:11,1
DA:12,1
DA:13,1
DA:14,1
DA:15,1
DA:16,1
DA:17,1
DA:18,1
DA:19,1
DA:20,1
DA:21,1
DA:22,1
DA:23,1
DA:24,1
DA:25,1
DA:26,1
DA:27,1
DA:28,1
DA:29,1
DA:30,1
DA:31,1
DA:32,1
DA:33,1
DA:34,1
DA:35,1
DA:36,1
LF:36
LH:36
BRF:0
BRH:0
end_of_record
TN:
SF:src/defaults/default-tleditor-drawing-snapshot.ts
FNF:0
FNH:0
DA:1,1
DA:2,1
DA:3,1
DA:4,1
DA:5,1
DA:6,1
DA:7,1
DA:8,1
DA:9,1
DA:10,1
DA:11,1
DA:12,1
DA:13,1
DA:14,1
DA:15,1
DA:16,1
DA:17,1
DA:18,1
DA:19,1
DA:20,1
DA:21,1
DA:22,1
DA:23,1
DA:24,1
DA:25,1
DA:26,1
DA:27,1
DA:28,1
DA:29,1
DA:30,1
DA:31,1
DA:32,1
DA:33,1
DA:34,1
DA:35,1
DA:36,1
DA:37,1
DA:38,1
DA:39,1
DA:40,1
DA:41,1
DA:42,1
DA:43,1
DA:44,1
DA:45,1
DA:46,1
DA:47,1
DA:48,1
DA:49,1
DA:50,1
DA:51,1
DA:52,1
DA:53,1
DA:54,1
DA:55,1
DA:56,1
DA:57,1
DA:58,1
DA:59,1
DA:60,1
DA:61,1
DA:62,1
DA:63,1
DA:64,1
DA:65,1
DA:66,1
DA:67,1
DA:68,1
DA:69,1
DA:70,1
DA:71,1
DA:72,1
DA:73,1
DA:74,1
DA:75,1
DA:76,1
DA:77,1
LF:77
LH:77
BRF:0
BRH:0
end_of_record
TN:
SF:src/logic/utils/buildFileStr.ts
FN:20,buildFileStr_v2
FN:48,buildFileStr_v1
FNF:2
FNH:1
FNDA:6,buildFileStr_v2
FNDA:0,buildFileStr_v1
DA:1,1
DA:2,1
DA:3,1
DA:4,1
DA:5,1
DA:6,1
DA:7,1
DA:8,1
DA:9,1
DA:10,1
DA:11,1
DA:12,1
DA:13,1
DA:14,1
DA:15,1
DA:16,1
DA:17,1
DA:18,1
DA:19,1
DA:20,1
DA:21,6
DA:22,6
DA:23,6
DA:24,6
DA:25,6
DA:26,6
DA:27,6
DA:28,6
DA:29,6
DA:30,6
DA:31,6
DA:32,6
DA:33,6
DA:34,6
DA:35,6
DA:36,6
DA:37,6
DA:38,6
DA:39,6
DA:40,6
DA:41,6
DA:42,6
DA:43,6
DA:44,6
DA:45,6
DA:46,1
DA:47,1
DA:48,1
DA:49,0
DA:50,0
LF:50
LH:48
BRDA:20,0,0,6
BRDA:21,1,0,3
BRF:2
BRH:2
end_of_record
TN:
SF:src/logic/utils/extractInkJsonFromSvg.ts
FN:13,extractInkJsonFromSvg
FNF:1
FNH:1
FNDA:4,extractInkJsonFromSvg
DA:1,1
DA:2,1
DA:3,1
DA:4,1
DA:5,1
DA:6,1
DA:7,1
DA:8,1
DA:9,1
DA:10,1
DA:11,1
DA:12,1
DA:13,1
DA:14,4
DA:15,4
DA:16,4
DA:17,4
DA:18,4
DA:19,4
DA:20,4
DA:21,4
DA:22,0
DA:23,0
DA:24,0
DA:25,4
DA:26,4
DA:27,4
DA:28,4
DA:29,1
DA:30,1
DA:31,1
DA:32,3
DA:33,3
DA:34,3
DA:35,3
DA:36,3
DA:37,4
DA:38,0
DA:39,0
DA:40,0
DA:41,3
DA:42,3
DA:43,3
DA:44,4
DA:45,4
DA:46,4
DA:47,1
DA:48,1
DA:49,1
DA:50,2
DA:51,2
DA:52,2
DA:53,2
DA:54,2
DA:55,4
DA:56,1
DA:57,1
DA:58,1
DA:59,4
LF:59
LH:53
BRDA:13,0,0,4
BRDA:21,1,0,0
BRDA:28,2,0,1
BRDA:31,3,0,3
BRDA:37,4,0,0
BRDA:40,5,0,3
BRDA:46,6,0,1
BRDA:49,7,0,2
BRDA:55,8,0,1
BRF:9
BRH:7
end_of_record
TN:
SF:src/logic/utils/getBaseAttachmentPath.ts
FN:8,getBaseAttachmentPath
FNF:1
FNH:1
FNDA:8,getBaseAttachmentPath
DA:1,1
DA:2,1
DA:3,1
DA:4,1
DA:5,1
DA:6,1
DA:7,1
DA:8,1
DA:9,8
DA:10,8
DA:11,8
DA:12,8
DA:13,4
DA:14,3
DA:15,4
DA:16,1
DA:17,1
DA:18,4
DA:19,4
DA:20,3
DA:21,4
DA:22,1
DA:23,1
DA:24,4
DA:25,8
DA:26,8
DA:27,3
DA:28,3
DA:29,3
DA:30,3
DA:31,0
DA:32,0
DA:33,3
DA:34,8
DA:35,1
DA:36,1
DA:37,1
DA:38,1
DA:39,0
DA:40,0
DA:41,0
DA:42,1
DA:43,5
DA:44,4
DA:45,4
DA:46,4
DA:47,8
DA:48,8
DA:49,8
LF:49
LH:44
BRDA:8,0,0,8
BRDA:12,1,0,4
BRDA:13,2,0,3
BRDA:15,3,0,1
BRDA:19,4,0,3
BRDA:21,5,0,1
BRDA:26,6,0,3
BRDA:30,7,0,0
BRDA:34,8,0,5
BRDA:34,9,0,1
BRDA:38,10,0,0
BRDA:43,11,0,4
BRF:12
BRH:10
end_of_record
TN:
SF:src/logic/utils/getDateFilename.ts
FN:2,getDateFilename
FNF:1
FNH:1
FNDA:3,getDateFilename
DA:1,1
DA:2,1
DA:3,3
DA:4,3
DA:5,3
DA:6,3
DA:7,3
DA:8,3
DA:9,3
DA:10,3
DA:11,3
DA:12,3
DA:13,3
LF:13
LH:13
BRDA:2,0,0,3
BRDA:8,1,0,1
BRDA:8,2,0,2
BRDA:10,3,0,2
BRF:4
BRH:4
end_of_record
TN:
SF:src/logic/utils/getSubfolderPaths.ts
FN:7,getWritingSubfolderPath
FN:14,getDrawingSubfolderPath
FNF:2
FNH:2
FNDA:4,getWritingSubfolderPath
FNDA:4,getDrawingSubfolderPath
DA:1,1
DA:2,1
DA:3,1
DA:4,1
DA:5,1
DA:6,1
DA:7,1
DA:8,4
DA:9,4
DA:10,3
DA:11,3
DA:12,4
DA:13,4
DA:14,1
DA:15,4
DA:16,4
DA:17,3
DA:18,3
DA:19,4
DA:20,4
LF:20
LH:20
BRDA:7,0,0,4
BRDA:9,1,0,3
BRDA:10,2,0,2
BRDA:14,3,0,4
BRDA:16,4,0,3
BRDA:17,5,0,2
BRF:6
BRH:6
end_of_record
TN:
SF:src/logic/utils/log-to-console.ts
FN:13,makeNoopChalk
FN:14,id
FN:35,Object.<anonymous>.chalk.blue.bold
FN:36,Object.<anonymous>.chalk.yellow.bold
FN:37,Object.<anonymous>.chalk.red.bold
FN:38,Object.<anonymous>.chalk.green.bold
FN:39,Object.<anonymous>.chalk.magenta.bold
FN:40,Object.<anonymous>.chalk.cyan.bold
FN:41,Object.<anonymous>.chalk.grey
FN:64,getTimestamp
FN:78,info
FN:81,warn
FN:84,error
FN:87,debug
FN:91,http
FN:95,verbose
FN:100,print
FN:112,printArray
FN:157,printStr
FN:161,printObj
FN:174,printTimestampAndLabel
FN:178,printEmptyLine
FN:182,getTimestampAndLabel
FNF:23
FNH:1
FNDA:1,makeNoopChalk
FNDA:0,id
FNDA:0,Object.<anonymous>.chalk.blue.bold
FNDA:0,Object.<anonymous>.chalk.yellow.bold
FNDA:0,Object.<anonymous>.chalk.red.bold
FNDA:0,Object.<anonymous>.chalk.green.bold
FNDA:0,Object.<anonymous>.chalk.magenta.bold
FNDA:0,Object.<anonymous>.chalk.cyan.bold
FNDA:0,Object.<anonymous>.chalk.grey
FNDA:0,getTimestamp
FNDA:0,info
FNDA:0,warn
FNDA:0,error
FNDA:0,debug
FNDA:0,http
FNDA:0,verbose
FNDA:0,print
FNDA:0,printArray
FNDA:0,printStr
FNDA:0,printObj
FNDA:0,printTimestampAndLabel
FNDA:0,printEmptyLine
FNDA:0,getTimestampAndLabel
DA:1,1
DA:2,1
DA:3,1
DA:4,1
DA:5,1
DA:6,1
DA:7,1
DA:8,1
DA:9,1
DA:10,1
DA:11,1
DA:12,1
DA:13,1
DA:14,1
DA:15,1
DA:16,1
DA:17,1
DA:18,1
DA:19,1
DA:20,1
DA:21,1
DA:22,1
DA:23,1
DA:24,1
DA:25,1
DA:26,1
DA:27,1
DA:28,1
DA:29,1
DA:30,0
DA:31,0
DA:32,0
DA:33,0
DA:34,0
DA:35,0
DA:36,0
DA:37,0
DA:38,0
DA:39,0
DA:40,0
DA:41,0
DA:42,0
DA:43,0
DA:44,0
DA:45,0
DA:46,0
DA:47,1
DA:48,1
DA:49,1
DA:50,1
DA:51,1
DA:52,1
DA:53,1
DA:54,1
DA:55,1
DA:56,1
DA:57,1
DA:58,1
DA:59,1
DA:60,1
DA:61,1
DA:62,1
DA:63,1
DA:64,0
DA:65,0
DA:66,0
DA:67,0
DA:68,0
DA:69,0
DA:70,0
DA:71,0
DA:72,1
DA:73,1
DA:74,1
DA:75,1
DA:76,1
DA:77,1
DA:78,1
DA:79,0
DA:80,0
DA:81,1
DA:82,0
DA:83,0
DA:84,1
DA:85,0
DA:86,0
DA:87,1
DA:88,0
DA:89,0
DA:90,0
DA:91,1
DA:92,0
DA:93,0
DA:94,0
DA:95,1
DA:96,0
DA:97,0
DA:98,0
DA:99,1
DA:100,0
DA:101,0
DA:102,0
DA:103,0
DA:104,0
DA:105,0
DA:106,0
DA:107,0
DA:108,0
DA:109,0
DA:110,0
DA:111,1
DA:112,0
DA:113,0
DA:114,0
DA:115,0
DA:116,0
DA:117,0
DA:118,0
DA:119,0
DA:120,0
DA:121,0
DA:122,0
DA:123,0
DA:124,0
DA:125,0
DA:126,0
DA:127,0
DA:128,0
DA:129,0
DA:130,0
DA:131,0
DA:132,0
DA:133,0
DA:134,0
DA:135,0
DA:136,0
DA:137,0
DA:138,0
DA:139,0
DA:140,0
DA:141,0
DA:142,0
DA:143,0
DA:144,0
DA:145,0
DA:146,0
DA:147,0
DA:148,0
DA:149,0
DA:150,0
DA:151,0
DA:152,0
DA:153,0
DA:154,0
DA:155,0
DA:156,1
DA:157,0
DA:158,0
DA:159,0
DA:160,1
DA:161,0
DA:162,0
DA:163,0
DA:164,0
DA:165,0
DA:166,0
DA:167,0
DA:168,0
DA:169,0
DA:170,0
DA:171,0
DA:172,0
DA:173,1
DA:174,0
DA:175,0
DA:176,0
DA:177,1
DA:178,0
DA:179,0
DA:180,0
DA:181,1
DA:182,0
DA:183,0
DA:184,0
LF:184
LH:65
BRDA:29,0,0,0
BRDA:13,1,0,1
BRF:2
BRH:1
end_of_record
TN:
SF:src/logic/utils/parseFilepath.ts
FN:3,parseFilepath
FNF:1
FNH:1
FNDA:6,parseFilepath
DA:1,1
DA:2,1
DA:3,1
DA:4,6
DA:5,6
DA:6,6
DA:7,6
DA:8,6
DA:9,6
DA:10,6
DA:11,6
DA:12,6
DA:13,6
DA:14,6
DA:15,6
DA:16,6
DA:17,6
DA:18,6
LF:18
LH:18
BRDA:3,0,0,6
BRDA:7,1,0,1
BRDA:7,2,0,5
BRDA:10,3,0,0
BRDA:12,4,0,0
BRDA:13,5,0,0
BRDA:17,6,0,0
BRF:7
BRH:3
end_of_record
TN:
SF:src/types/plugin-settings.ts
FNF:0
FNH:0
DA:1,1
DA:2,1
DA:3,1
DA:4,1
DA:5,1
DA:6,1
DA:7,1
DA:8,1
DA:9,1
DA:10,1
DA:11,1
DA:12,1
DA:13,1
DA:14,1
DA:15,1
DA:16,1
DA:17,1
DA:18,1
DA:19,1
DA:20,1
DA:21,1
DA:22,1
DA:23,1
DA:24,1
DA:25,1
DA:26,1
DA:27,1
DA:28,1
DA:29,1
DA:30,1
DA:31,1
DA:32,1
DA:33,1
DA:34,1
DA:35,1
DA:36,1
DA:37,1
DA:38,1
DA:39,1
DA:40,1
DA:41,1
DA:42,1
DA:43,1
DA:44,1
DA:45,1
DA:46,1
DA:47,1
DA:48,1
DA:49,1
DA:50,1
DA:51,1
DA:52,1
DA:53,1
DA:54,1
LF:54
LH:54
BRF:0
BRH:0
end_of_record
